# JRE version: OpenJDK Runtime Environment (17.0.7) (build 17.0.7+0-b2043.56-10550314)
# Java VM: OpenJDK 64-Bit Server VM (17.0.7+0-b2043.56-10550314, mixed mode, tiered, compressed oops, compressed class ptrs, g1 gc, windows-amd64)
GC Precious Log:
 CPUs: 8 total, 8 available
 Memory: 7908M
 Large Page Support: Disabled
 NUMA Support: Disabled
 Compressed Oops: Enabled (32-bit)
 Heap Region Size: 1M
 Heap Min Capacity: 8M
 Heap Initial Capacity: 124M
 Heap Max Capacity: 2G
 Pre-touch: Disabled
 Parallel Workers: 8
 Concurrent Workers: 2
 Concurrent Refinement Workers: 8
 Periodic GC: Disabled
Heap:
 garbage-first heap   total 299008K, used 209658K [0x0000000080000000, 0x0000000100000000)
  region size 1024K, 43 young (44032K), 7 survivors (7168K)
 Metaspace       used 104125K, committed 104832K, reserved 1179648K
  class space    used 14307K, committed 14656K, reserved 1048576K
GC Heap History (20 events):
Event: 15.787 GC heap before
{Heap before GC invocations=39 (full 0):
 garbage-first heap   total 135168K, used 106055K [0x0000000080000000, 0x0000000100000000)
  region size 1024K, 33 young (33792K), 5 survivors (5120K)
 Metaspace       used 79644K, committed 80256K, reserved 1179648K
  class space    used 10724K, committed 11008K, reserved 1048576K
}
Event: 15.794 GC heap after
{Heap after GC invocations=40 (full 0):
 garbage-first heap   total 162816K, used 80033K [0x0000000080000000, 0x0000000100000000)
  region size 1024K, 4 young (4096K), 4 survivors (4096K)
 Metaspace       used 79644K, committed 80256K, reserved 1179648K
  class space    used 10724K, committed 11008K, reserved 1048576K
}
Event: 16.648 GC heap before
{Heap before GC invocations=41 (full 0):
 garbage-first heap   total 162816K, used 129185K [0x0000000080000000, 0x0000000100000000)
  region size 1024K, 51 young (52224K), 4 survivors (4096K)
 Metaspace       used 83451K, committed 84032K, reserved 1179648K
  class space    used 11453K, committed 11712K, reserved 1048576K
}
Event: 16.660 GC heap after
{Heap after GC invocations=42 (full 0):
 garbage-first heap   total 162816K, used 81142K [0x0000000080000000, 0x0000000100000000)
  region size 1024K, 5 young (5120K), 5 survivors (5120K)
 Metaspace       used 83451K, committed 84032K, reserved 1179648K
  class space    used 11453K, committed 11712K, reserved 1048576K
}
Event: 17.685 GC heap before
{Heap before GC invocations=42 (full 0):
 garbage-first heap   total 162816K, used 131318K [0x0000000080000000, 0x0000000100000000)
  region size 1024K, 54 young (55296K), 5 survivors (5120K)
 Metaspace       used 87507K, committed 88192K, reserved 1179648K
  class space    used 12054K, committed 12352K, reserved 1048576K
}
Event: 17.696 GC heap after
{Heap after GC invocations=43 (full 0):
 garbage-first heap   total 162816K, used 83977K [0x0000000080000000, 0x0000000100000000)
  region size 1024K, 6 young (6144K), 6 survivors (6144K)
 Metaspace       used 87507K, committed 88192K, reserved 1179648K
  class space    used 12054K, committed 12352K, reserved 1048576K
}
Event: 18.602 GC heap before
{Heap before GC invocations=44 (full 0):
 garbage-first heap   total 162816K, used 132105K [0x0000000080000000, 0x0000000100000000)
  region size 1024K, 53 young (54272K), 6 survivors (6144K)
 Metaspace       used 91294K, committed 91904K, reserved 1179648K
  class space    used 12661K, committed 12928K, reserved 1048576K
}
Event: 18.612 GC heap after
{Heap after GC invocations=45 (full 0):
 garbage-first heap   total 162816K, used 86514K [0x0000000080000000, 0x0000000100000000)
  region size 1024K, 6 young (6144K), 6 survivors (6144K)
 Metaspace       used 91294K, committed 91904K, reserved 1179648K
  class space    used 12661K, committed 12928K, reserved 1048576K
}
Event: 18.638 GC heap before
{Heap before GC invocations=45 (full 0):
 garbage-first heap   total 162816K, used 87538K [0x0000000080000000, 0x0000000100000000)
  region size 1024K, 7 young (7168K), 6 survivors (6144K)
 Metaspace       used 91337K, committed 91904K, reserved 1179648K
  class space    used 12666K, committed 12928K, reserved 1048576K
}
Event: 18.647 GC heap after
{Heap after GC invocations=46 (full 0):
 garbage-first heap   total 162816K, used 86514K [0x0000000080000000, 0x0000000100000000)
  region size 1024K, 1 young (1024K), 1 survivors (1024K)
 Metaspace       used 91337K, committed 91904K, reserved 1179648K
  class space    used 12666K, committed 12928K, reserved 1048576K
}
Event: 19.703 GC heap before
{Heap before GC invocations=46 (full 0):
 garbage-first heap   total 162816K, used 133618K [0x0000000080000000, 0x0000000100000000)
  region size 1024K, 47 young (48128K), 1 survivors (1024K)
 Metaspace       used 95240K, committed 95872K, reserved 1179648K
  class space    used 13165K, committed 13440K, reserved 1048576K
}
Event: 19.711 GC heap after
{Heap after GC invocations=47 (full 0):
 garbage-first heap   total 162816K, used 89453K [0x0000000080000000, 0x0000000100000000)
  region size 1024K, 4 young (4096K), 4 survivors (4096K)
 Metaspace       used 95240K, committed 95872K, reserved 1179648K
  class space    used 13165K, committed 13440K, reserved 1048576K
}
Event: 20.311 GC heap before
{Heap before GC invocations=48 (full 0):
 garbage-first heap   total 162816K, used 133485K [0x0000000080000000, 0x0000000100000000)
  region size 1024K, 47 young (48128K), 4 survivors (4096K)
 Metaspace       used 95943K, committed 96576K, reserved 1179648K
  class space    used 13250K, committed 13568K, reserved 1048576K
}
Event: 20.327 GC heap after
{Heap after GC invocations=49 (full 0):
 garbage-first heap   total 162816K, used 95577K [0x0000000080000000, 0x0000000100000000)
  region size 1024K, 6 young (6144K), 6 survivors (6144K)
 Metaspace       used 95943K, committed 96576K, reserved 1179648K
  class space    used 13250K, committed 13568K, reserved 1048576K
}
Event: 20.341 GC heap before
{Heap before GC invocations=49 (full 0):
 garbage-first heap   total 162816K, used 96601K [0x0000000080000000, 0x0000000100000000)
  region size 1024K, 7 young (7168K), 6 survivors (6144K)
 Metaspace       used 95943K, committed 96576K, reserved 1179648K
  class space    used 13250K, committed 13568K, reserved 1048576K
}
Event: 20.354 GC heap after
{Heap after GC invocations=50 (full 0):
 garbage-first heap   total 299008K, used 96437K [0x0000000080000000, 0x0000000100000000)
  region size 1024K, 1 young (1024K), 1 survivors (1024K)
 Metaspace       used 95943K, committed 96576K, reserved 1179648K
  class space    used 13250K, committed 13568K, reserved 1048576K
}
Event: 22.920 GC heap before
{Heap before GC invocations=50 (full 0):
 garbage-first heap   total 299008K, used 231605K [0x0000000080000000, 0x0000000100000000)
  region size 1024K, 133 young (136192K), 1 survivors (1024K)
 Metaspace       used 99027K, committed 99776K, reserved 1179648K
  class space    used 13693K, committed 14016K, reserved 1048576K
}
Event: 22.934 GC heap after
{Heap after GC invocations=51 (full 0):
 garbage-first heap   total 299008K, used 105625K [0x0000000080000000, 0x0000000100000000)
  region size 1024K, 10 young (10240K), 10 survivors (10240K)
 Metaspace       used 99027K, committed 99776K, reserved 1179648K
  class space    used 13693K, committed 14016K, reserved 1048576K
}
Event: 24.600 GC heap before
{Heap before GC invocations=51 (full 0):
 garbage-first heap   total 299008K, used 226457K [0x0000000080000000, 0x0000000100000000)
  region size 1024K, 97 young (99328K), 10 survivors (10240K)
 Metaspace       used 102590K, committed 103296K, reserved 1179648K
  class space    used 14079K, committed 14400K, reserved 1048576K
}
Event: 24.626 GC heap after
{Heap after GC invocations=52 (full 0):
 garbage-first heap   total 299008K, used 141050K [0x0000000080000000, 0x0000000100000000)
  region size 1024K, 7 young (7168K), 7 survivors (7168K)
 Metaspace       used 102590K, committed 103296K, reserved 1179648K
  class space    used 14079K, committed 14400K, reserved 1048576K
}

