# JRE version: OpenJDK Runtime Environment (17.0.7) (build 17.0.7+0-b2043.56-10550314)
# Java VM: OpenJDK 64-Bit Server VM (17.0.7+0-b2043.56-10550314, mixed mode, tiered, compressed oops, compressed class ptrs, g1 gc, windows-amd64)
GC Precious Log:
 CPUs: 8 total, 8 available
 Memory: 7908M
 Large Page Support: Disabled
 NUMA Support: Disabled
 Compressed Oops: Enabled (32-bit)
 Heap Region Size: 1M
 Heap Min Capacity: 8M
 Heap Initial Capacity: 124M
 Heap Max Capacity: 2G
 Pre-touch: Disabled
 Parallel Workers: 8
 Concurrent Workers: 2
 Concurrent Refinement Workers: 8
 Periodic GC: Disabled
Heap:
 garbage-first heap   total 237568K, used 139912K [0x0000000080000000, 0x0000000100000000)
  region size 1024K, 7 young (7168K), 5 survivors (5120K)
 Metaspace       used 129061K, committed 130112K, reserved 1179648K
  class space    used 17907K, committed 18432K, reserved 1048576K
GC Heap History (20 events):
Event: 209.544 GC heap before
{Heap before GC invocations=54 (full 0):
 garbage-first heap   total 162816K, used 138084K [0x0000000080000000, 0x0000000100000000)
  region size 1024K, 19 young (19456K), 3 survivors (3072K)
 Metaspace       used 107425K, committed 108224K, reserved 1179648K
  class space    used 14713K, committed 15104K, reserved 1048576K
}
Event: 209.552 GC heap after
{Heap after GC invocations=55 (full 0):
 garbage-first heap   total 162816K, used 123933K [0x0000000080000000, 0x0000000100000000)
  region size 1024K, 2 young (2048K), 2 survivors (2048K)
 Metaspace       used 107425K, committed 108224K, reserved 1179648K
  class space    used 14713K, committed 15104K, reserved 1048576K
}
Event: 210.193 GC heap before
{Heap before GC invocations=55 (full 0):
 garbage-first heap   total 162816K, used 140317K [0x0000000080000000, 0x0000000100000000)
  region size 1024K, 18 young (18432K), 2 survivors (2048K)
 Metaspace       used 108817K, committed 109632K, reserved 1179648K
  class space    used 14872K, committed 15296K, reserved 1048576K
}
Event: 210.203 GC heap after
{Heap after GC invocations=56 (full 0):
 garbage-first heap   total 195584K, used 125458K [0x0000000080000000, 0x0000000100000000)
  region size 1024K, 3 young (3072K), 3 survivors (3072K)
 Metaspace       used 108817K, committed 109632K, reserved 1179648K
  class space    used 14872K, committed 15296K, reserved 1048576K
}
Event: 210.383 GC heap before
{Heap before GC invocations=56 (full 0):
 garbage-first heap   total 195584K, used 129554K [0x0000000080000000, 0x0000000100000000)
  region size 1024K, 8 young (8192K), 3 survivors (3072K)
 Metaspace       used 109262K, committed 110080K, reserved 1179648K
  class space    used 14925K, committed 15360K, reserved 1048576K
}
Event: 210.406 GC heap after
{Heap after GC invocations=57 (full 0):
 garbage-first heap   total 195584K, used 126329K [0x0000000080000000, 0x0000000100000000)
  region size 1024K, 3 young (3072K), 3 survivors (3072K)
 Metaspace       used 109262K, committed 110080K, reserved 1179648K
  class space    used 14925K, committed 15360K, reserved 1048576K
}
Event: 221.154 GC heap before
{Heap before GC invocations=58 (full 0):
 garbage-first heap   total 237568K, used 157049K [0x0000000080000000, 0x0000000100000000)
  region size 1024K, 34 young (34816K), 3 survivors (3072K)
 Metaspace       used 111488K, committed 112320K, reserved 1179648K
  class space    used 15306K, committed 15680K, reserved 1048576K
}
Event: 221.164 GC heap after
{Heap after GC invocations=59 (full 0):
 garbage-first heap   total 237568K, used 128654K [0x0000000080000000, 0x0000000100000000)
  region size 1024K, 5 young (5120K), 5 survivors (5120K)
 Metaspace       used 111488K, committed 112320K, reserved 1179648K
  class space    used 15306K, committed 15680K, reserved 1048576K
}
Event: 221.369 GC heap before
{Heap before GC invocations=59 (full 0):
 garbage-first heap   total 237568K, used 138894K [0x0000000080000000, 0x0000000100000000)
  region size 1024K, 11 young (11264K), 5 survivors (5120K)
 Metaspace       used 112648K, committed 113600K, reserved 1179648K
  class space    used 15402K, committed 15872K, reserved 1048576K
}
Event: 221.388 GC heap after
{Heap after GC invocations=60 (full 0):
 garbage-first heap   total 237568K, used 125177K [0x0000000080000000, 0x0000000100000000)
  region size 1024K, 1 young (1024K), 1 survivors (1024K)
 Metaspace       used 112648K, committed 113600K, reserved 1179648K
  class space    used 15402K, committed 15872K, reserved 1048576K
}
Event: 222.703 GC heap before
{Heap before GC invocations=60 (full 0):
 garbage-first heap   total 237568K, used 188665K [0x0000000080000000, 0x0000000100000000)
  region size 1024K, 64 young (65536K), 1 survivors (1024K)
 Metaspace       used 121037K, committed 121920K, reserved 1179648K
  class space    used 16598K, committed 17024K, reserved 1048576K
}
Event: 222.711 GC heap after
{Heap after GC invocations=61 (full 0):
 garbage-first heap   total 237568K, used 126349K [0x0000000080000000, 0x0000000100000000)
  region size 1024K, 2 young (2048K), 2 survivors (2048K)
 Metaspace       used 121037K, committed 121920K, reserved 1179648K
  class space    used 16598K, committed 17024K, reserved 1048576K
}
Event: 224.219 GC heap before
{Heap before GC invocations=62 (full 0):
 garbage-first heap   total 237568K, used 211341K [0x0000000080000000, 0x0000000100000000)
  region size 1024K, 69 young (70656K), 2 survivors (2048K)
 Metaspace       used 128258K, committed 129152K, reserved 1179648K
  class space    used 17855K, committed 18304K, reserved 1048576K
}
Event: 224.228 GC heap after
{Heap after GC invocations=63 (full 0):
 garbage-first heap   total 237568K, used 129636K [0x0000000080000000, 0x0000000100000000)
  region size 1024K, 6 young (6144K), 6 survivors (6144K)
 Metaspace       used 128258K, committed 129152K, reserved 1179648K
  class space    used 17855K, committed 18304K, reserved 1048576K
}
Event: 410.306 GC heap before
{Heap before GC invocations=63 (full 0):
 garbage-first heap   total 237568K, used 134756K [0x0000000080000000, 0x0000000100000000)
  region size 1024K, 11 young (11264K), 6 survivors (6144K)
 Metaspace       used 128353K, committed 129344K, reserved 1179648K
  class space    used 17865K, committed 18368K, reserved 1048576K
}
Event: 410.449 GC heap after
{Heap after GC invocations=64 (full 0):
 garbage-first heap   total 237568K, used 127695K [0x0000000080000000, 0x0000000100000000)
  region size 1024K, 1 young (1024K), 1 survivors (1024K)
 Metaspace       used 128353K, committed 129344K, reserved 1179648K
  class space    used 17865K, committed 18368K, reserved 1048576K
}
Event: 460.113 GC heap before
{Heap before GC invocations=64 (full 0):
 garbage-first heap   total 237568K, used 196303K [0x0000000080000000, 0x0000000100000000)
  region size 1024K, 69 young (70656K), 1 survivors (1024K)
 Metaspace       used 128787K, committed 129728K, reserved 1179648K
  class space    used 17881K, committed 18368K, reserved 1048576K
}
Event: 460.134 GC heap after
{Heap after GC invocations=65 (full 0):
 garbage-first heap   total 237568K, used 134792K [0x0000000080000000, 0x0000000100000000)
  region size 1024K, 8 young (8192K), 8 survivors (8192K)
 Metaspace       used 128787K, committed 129728K, reserved 1179648K
  class space    used 17881K, committed 18368K, reserved 1048576K
}
Event: 897.746 GC heap before
{Heap before GC invocations=65 (full 0):
 garbage-first heap   total 237568K, used 195208K [0x0000000080000000, 0x0000000100000000)
  region size 1024K, 68 young (69632K), 8 survivors (8192K)
 Metaspace       used 129047K, committed 130048K, reserved 1179648K
  class space    used 17904K, committed 18432K, reserved 1048576K
}
Event: 898.086 GC heap after
{Heap after GC invocations=66 (full 0):
 garbage-first heap   total 237568K, used 138888K [0x0000000080000000, 0x0000000100000000)
  region size 1024K, 5 young (5120K), 5 survivors (5120K)
 Metaspace       used 129047K, committed 130048K, reserved 1179648K
  class space    used 17904K, committed 18432K, reserved 1048576K
}

